<?xml version="1.0" encoding="UTF-8"?>
<testng-results ignored="0" total="1" passed="1" failed="0" skipped="0">
  <reporter-output>
  </reporter-output>
  <suite started-at="2022-02-11T15:41:08 IST" name="Default suite" finished-at="2022-02-11T15:41:10 IST" duration-ms="2510">
    <groups>
    </groups>
    <test started-at="2022-02-11T15:41:08 IST" name="Default test" finished-at="2022-02-11T15:41:10 IST" duration-ms="2510">
      <class name="com.authentication.Auth2">
        <test-method signature="auths()[pri:0, instance:com.authentication.Auth2@1a4013]" started-at="2022-02-11T15:41:08 IST" name="auths" finished-at="2022-02-11T15:41:10 IST" duration-ms="2482" status="PASS">
          <reporter-output>
          </reporter-output>
        </test-method> <!-- auths -->
      </class> <!-- com.authentication.Auth2 -->
    </test> <!-- Default test -->
  </suite> <!-- Default suite -->
</testng-results>
