<?xml version="1.0" encoding="UTF-8"?>
<testng-results ignored="0" total="1" passed="1" failed="0" skipped="0">
  <reporter-output>
    <line>
      <![CDATA[TY_PROJ_2005]]>
    </line>
    <line>
      <![CDATA[data verification successful]]>
    </line>
  </reporter-output>
  <suite started-at="2022-02-12T12:38:42 IST" name="Default suite" finished-at="2022-02-12T12:38:44 IST" duration-ms="1982">
    <groups>
    </groups>
    <test started-at="2022-02-12T12:38:42 IST" name="Default test" finished-at="2022-02-12T12:38:44 IST" duration-ms="1982">
      <class name="com.RMGYantraTests.CreateResourceAndVerifyInDatabase">
        <test-method is-config="true" signature="bsConfig()[pri:0, instance:com.RMGYantraTests.CreateResourceAndVerifyInDatabase@156b88f5]" started-at="2022-02-12T12:38:41 IST" name="bsConfig" finished-at="2022-02-12T12:38:42 IST" duration-ms="718" status="PASS">
          <reporter-output>
          </reporter-output>
        </test-method> <!-- bsConfig -->
        <test-method signature="createResourceAndVerifyInDb()[pri:0, instance:com.RMGYantraTests.CreateResourceAndVerifyInDatabase@156b88f5]" started-at="2022-02-12T12:38:42 IST" name="createResourceAndVerifyInDb" finished-at="2022-02-12T12:38:44 IST" duration-ms="1959" status="PASS">
          <reporter-output>
            <line>
              <![CDATA[TY_PROJ_2005]]>
            </line>
            <line>
              <![CDATA[data verification successful]]>
            </line>
          </reporter-output>
        </test-method> <!-- createResourceAndVerifyInDb -->
        <test-method is-config="true" signature="asConfig()[pri:0, instance:com.RMGYantraTests.CreateResourceAndVerifyInDatabase@156b88f5]" started-at="2022-02-12T12:38:44 IST" name="asConfig" finished-at="2022-02-12T12:38:44 IST" duration-ms="9" status="PASS">
          <reporter-output>
          </reporter-output>
        </test-method> <!-- asConfig -->
      </class> <!-- com.RMGYantraTests.CreateResourceAndVerifyInDatabase -->
    </test> <!-- Default test -->
  </suite> <!-- Default suite -->
</testng-results>
